<?xml version="1.0" encoding="utf-8"?><testsuites name="pytest tests"><testsuite name="pytest" errors="0" failures="1" skipped="0" tests="15" time="3.622" timestamp="2026-05-25T15:37:36.722634+00:00" hostname="agent-env-bf9aa47f-3dd4-4ebd-9ff2-7f32b766717c"><testcase classname="backend.tests.backend_test.TestAuth" name="test_login_success" time="0.528" /><testcase classname="backend.tests.backend_test.TestAuth" name="test_login_invalid" time="0.381" /><testcase classname="backend.tests.backend_test.TestAuth" name="test_me_requires_auth" time="0.149" /><testcase classname="backend.tests.backend_test.TestAuth" name="test_me_with_admin" time="0.454" /><testcase classname="backend.tests.backend_test.TestAuth" name="test_logout" time="0.105" /><testcase classname="backend.tests.backend_test.TestCategories" name="test_get_categories" time="0.152" /><testcase classname="backend.tests.backend_test.TestPhotos" name="test_get_photos" time="0.245" /><testcase classname="backend.tests.backend_test.TestPhotos" name="test_get_photos_by_category" time="0.149" /><testcase classname="backend.tests.backend_test.TestPhotos" name="test_get_nonexistent_photo" time="0.201" /><testcase classname="backend.tests.backend_test.TestPhotos" name="test_create_photo_requires_auth" time="0.139" /><testcase classname="backend.tests.backend_test.TestContact" name="test_submit_contact" time="0.157" /><testcase classname="backend.tests.backend_test.TestContact" name="test_contact_invalid_email" time="0.128" /><testcase classname="backend.tests.backend_test.TestOrders" name="test_create_order" time="0.158" /><testcase classname="backend.tests.backend_test.TestOrders" name="test_orders_list_requires_admin" time="0.144" /><testcase classname="backend.tests.backend_test.TestChatbot" name="test_chatbot_response" time="0.435"><failure message="AssertionError: Chatbot failed: {&quot;detail&quot;:&quot;Error processing chat message&quot;}&#10;assert 500 == 200&#10; +  where 500 = &lt;Response [500]&gt;.status_code">backend/tests/backend_test.py:134: in test_chatbot_response
    assert r.status_code == 200, f"Chatbot failed: {r.text}"
E   AssertionError: Chatbot failed: {"detail":"Error processing chat message"}
E   assert 500 == 200
E    +  where 500 = &lt;Response [500]&gt;.status_code</failure></testcase></testsuite></testsuites>